#
# There is insufficient memory for the Java Runtime Environment to continue.
# Native memory allocation (malloc) failed to allocate 1048576 bytes for AllocateHeap
# Possible reasons:
#   The system is out of physical RAM or swap space
#   In 32 bit mode, the process size limit was hit
# Possible solutions:
#   Reduce memory load on the system
#   Increase physical memory or swap space
#   Check if swap backing store is full
#   Use 64 bit Java on a 64 bit OS
#   Decrease Java heap size (-Xmx/-Xms)
#   Decrease number of Java threads
#   Decrease Java thread stack sizes (-Xss)
#   Set larger code cache with -XX:ReservedCodeCacheSize=
# This output file may be truncated or incomplete.
#
#  Out of Memory Error (memory/allocation.inline.hpp:60), pid=42404, tid=37944
#
# JRE version: 7.0_25-b17
# Java VM: Java HotSpot(TM) 64-Bit Server VM (23.25-b01 mixed mode windows-amd64 compressed oops)
# Failed to write core dump. Minidumps are not enabled by default on client versions of Windows
#

---------------  T H R E A D  ---------------

Current thread (0x000000000260d800):  JavaThread "Unknown thread" [_thread_in_vm, id=37944, stack(0x0000000002610000,0x0000000002710000)]

Stack: [0x0000000002610000,0x0000000002710000]

---------------  P R O C E S S  ---------------

Java Threads: ( => current thread )

Other Threads:

=>0x000000000260d800 (exited) JavaThread "Unknown thread" [_thread_in_vm, id=37944, stack(0x0000000002610000,0x0000000002710000)]

VM state:not at safepoint (normal execution)

VM Mutex/Monitor currently owned by a thread: None

Heap
 PSYoungGen      total 37696K, used 646K [0x00000000eaab0000, 0x00000000ed4c0000, 0x0000000100000000)
  eden space 32320K, 2% used [0x00000000eaab0000,0x00000000eab51a08,0x00000000eca40000)
  from space 5376K, 0% used [0x00000000ecf80000,0x00000000ecf80000,0x00000000ed4c0000)
  to   space 5376K, 0% used [0x00000000eca40000,0x00000000eca40000,0x00000000ecf80000)
 ParOldGen       total 86208K, used 0K [0x00000000c0000000, 0x00000000c5430000, 0x00000000eaab0000)
  object space 86208K, 0% used [0x00000000c0000000,0x00000000c0000000,0x00000000c5430000)
 PSPermGen       total 21248K, used 709K [0x00000000bae00000, 0x00000000bc2c0000, 0x00000000c0000000)
  object space 21248K, 3% used [0x00000000bae00000,0x00000000baeb1418,0x00000000bc2c0000)

Card table byte_map: [0x00000000058d0000,0x0000000005b00000] byte_map_base: 0x00000000052f9000

Polling page: 0x0000000002580000

Code Cache  [0x0000000002810000, 0x0000000002a80000, 0x0000000005810000)
 total_blobs=39 nmethods=0 adapters=20 free_code_cache=48889Kb largest_free_block=50062848

Compilation events (0 events):
No events

GC Heap History (0 events):
No events

Deoptimization events (0 events):
No events

Internal exceptions (0 events):
No events

Events (10 events):
Event: 0.048 loading class 0x0000000002729580
Event: 0.048 loading class 0x0000000002729580 done
Event: 0.048 loading class 0x0000000002729970
Event: 0.048 loading class 0x0000000002729970 done
Event: 0.048 loading class 0x0000000002729670
Event: 0.048 loading class 0x0000000002729670 done
Event: 0.049 loading class 0x000000000272b100
Event: 0.049 loading class 0x000000000272b100 done
Event: 0.049 loading class 0x000000000272aa40
Event: 0.049 loading class 0x000000000272aa40 done


Dynamic libraries:
0x00007ff7aeb80000 - 0x00007ff7aebb3000 	C:\Program Files\Java\jdk1.7.0_25\bin\java.exe
0x00007ffb9cc00000 - 0x00007ffb9cdc2000 	C:\WINDOWS\SYSTEM32\ntdll.dll
0x00007ffb9c0e0000 - 0x00007ffb9c18d000 	C:\WINDOWS\system32\KERNEL32.DLL
0x00007ffb9a0a0000 - 0x00007ffb9a27d000 	C:\WINDOWS\system32\KERNELBASE.dll
0x00007ffb9be10000 - 0x00007ffb9beb6000 	C:\WINDOWS\system32\ADVAPI32.dll
0x00007ffb9c250000 - 0x00007ffb9c2ed000 	C:\WINDOWS\system32\msvcrt.dll
0x00007ffb9c440000 - 0x00007ffb9c49b000 	C:\WINDOWS\system32\sechost.dll
0x00007ffb9c870000 - 0x00007ffb9c996000 	C:\WINDOWS\system32\RPCRT4.dll
0x00007ffb9c2f0000 - 0x00007ffb9c43e000 	C:\WINDOWS\system32\USER32.dll
0x00007ffb9ca10000 - 0x00007ffb9cb96000 	C:\WINDOWS\system32\GDI32.dll
0x00007ffb95b80000 - 0x00007ffb95df4000 	C:\WINDOWS\WinSxS\amd64_microsoft.windows.common-controls_6595b64144ccf1df_6.0.10240.16384_none_f41f7b285750ef43\COMCTL32.dll
0x00007ffb9c0a0000 - 0x00007ffb9c0d6000 	C:\WINDOWS\system32\IMM32.DLL
0x00007ffb9bec0000 - 0x00007ffb9c01c000 	C:\WINDOWS\system32\MSCTF.dll
0x0000000061af0000 - 0x0000000061bc1000 	C:\Program Files\Java\jdk1.7.0_25\jre\bin\msvcr100.dll
0x0000000061bd0000 - 0x00000000622df000 	C:\Program Files\Java\jdk1.7.0_25\jre\bin\server\jvm.dll
0x00007ffb9c020000 - 0x00007ffb9c028000 	C:\WINDOWS\system32\PSAPI.DLL
0x00007ffb97210000 - 0x00007ffb97219000 	C:\WINDOWS\SYSTEM32\WSOCK32.dll
0x00007ffb97190000 - 0x00007ffb971b3000 	C:\WINDOWS\SYSTEM32\WINMM.dll
0x00007ffb97150000 - 0x00007ffb9717c000 	C:\WINDOWS\SYSTEM32\WINMMBASE.dll
0x00007ffb9a280000 - 0x00007ffb9a2c4000 	C:\WINDOWS\system32\cfgmgr32.dll
0x00007ffb97fc0000 - 0x00007ffb97fe7000 	C:\WINDOWS\SYSTEM32\DEVOBJ.dll
0x00007ffb9c9a0000 - 0x00007ffb9ca09000 	C:\WINDOWS\system32\WS2_32.dll
0x00007ffb9b860000 - 0x00007ffb9b868000 	C:\WINDOWS\system32\NSI.dll
0x0000000061ae0000 - 0x0000000061aef000 	C:\Program Files\Java\jdk1.7.0_25\jre\bin\verify.dll
0x0000000061ab0000 - 0x0000000061ad8000 	C:\Program Files\Java\jdk1.7.0_25\jre\bin\java.dll
0x0000000061a90000 - 0x0000000061aa5000 	C:\Program Files\Java\jdk1.7.0_25\jre\bin\zip.dll

VM Arguments:
jvm_args: -Xmx1024M -Dfile.encoding=GBK -Duser.country=CN -Duser.language=zh -Duser.variant 
java_command: com.android.dx.command.Main --dex --num-threads=4 --output C:\Users\tomsdeath\AndroidStudioProjects\ElectricDictionary\ordinaryelec\build\intermediates\pre-dexed\debug\classes-2974054bb451ced2e86a26d905806b8347ea930f.jar C:\Users\tomsdeath\AndroidStudioProjects\ElectricDictionary\ordinaryelec\build\intermediates\exploded-aar\com.android.support\appcompat-v7\24.0.0-alpha1\jars\classes.jar
Launcher Type: SUN_STANDARD

Environment Variables:
PATH=C:\WINDOWS\system32;C:\WINDOWS;C:\WINDOWS\System32\Wbem;C:\WINDOWS\System32\WindowsPowerShell\v1.0\;D:\sdk1\platform-tools
USERNAME=tomsdeath
OS=Windows_NT
PROCESSOR_IDENTIFIER=Intel64 Family 6 Model 60 Stepping 3, GenuineIntel



---------------  S Y S T E M  ---------------

OS: Windows 8 , 64 bit Build 9200 

CPU:total 8 (4 cores per cpu, 2 threads per core) family 6 model 60 stepping 3, cmov, cx8, fxsr, mmx, sse, sse2, sse3, ssse3, sse4.1, sse4.2, popcnt, avx, avx2, ht, tsc, tscinvbit

Memory: 4k page, physical 8269968k(2063304k free), swap 10701448k(5692k free)

vm_info: Java HotSpot(TM) 64-Bit Server VM (23.25-b01) for windows-amd64 JRE (1.7.0_25-b17), built on Jun 21 2013 12:58:32 by "java_re" with unknown MS VC++:1600

time: Wed Mar 23 11:49:09 2016
elapsed time: 0 seconds

